#
# There is insufficient memory for the Java Runtime Environment to continue.
# Native memory allocation (malloc) failed to allocate 32744 bytes for ChunkPool::allocate
# Possible reasons:
#   The system is out of physical RAM or swap space
#   The process is running with CompressedOops enabled, and the Java Heap may be blocking the growth of the native heap
# Possible solutions:
#   Reduce memory load on the system
#   Increase physical memory or swap space
#   Check if swap backing store is full
#   Decrease Java heap size (-Xmx/-Xms)
#   Decrease number of Java threads
#   Decrease Java thread stack sizes (-Xss)
#   Set larger code cache with -XX:ReservedCodeCacheSize=
#   JVM is running with Unscaled Compressed Oops mode in which the Java heap is
#     placed in the first 4GB address space. The Java Heap base address is the
#     maximum limit for the native heap growth. Please use -XX:HeapBaseMinAddress
#     to set the Java Heap base and to place the Java Heap above 4GB virtual address.
# This output file may be truncated or incomplete.
#
#  Out of Memory Error (t:/workspace/open/src/hotspot/share/memory/arena.cpp:81), pid=222648, tid=221868
#
# JRE version: Java(TM) SE Runtime Environment (11.0.4+10) (build 11.0.4+10-LTS)
# Java VM: Java HotSpot(TM) 64-Bit Server VM (11.0.4+10-LTS, mixed mode, tiered, compressed oops, g1 gc, windows-amd64)
# No core dump will be written. Minidumps are not enabled by default on client versions of Windows
#

---------------  S U M M A R Y ------------

Command Line: -Dclassworlds.conf=C:\apache-maven-3.5.4-bin\apache-maven-3.5.4\bin\..\bin\m2.conf -Dmaven.home=C:\apache-maven-3.5.4-bin\apache-maven-3.5.4\bin\.. -Dlibrary.jansi.path=C:\apache-maven-3.5.4-bin\apache-maven-3.5.4\bin\..\lib\jansi-native -Dmaven.multiModuleProjectDirectory=C:\Users\ywooo\IdeaProjects\unifarm org.codehaus.plexus.classworlds.launcher.Launcher package

Host: Intel(R) Core(TM) i7-8550U CPU @ 1.80GHz, 8 cores, 7G,  Windows 10 , 64 bit Build 17134 (10.0.17134.753)
Time: Sat Sep  7 03:58:33 2019 ¢¥eCN©öI¡¾©ö C¡ÍA¨ª¨öA elapsed time: 13 seconds (0d 0h 0m 13s)

---------------  T H R E A D  ---------------

Current thread (0x0000022dfd5bb000):  JavaThread "C1 CompilerThread0" daemon [_thread_in_native, id=221868, stack(0x0000005aa7700000,0x0000005aa7800000)]


Current CompileTask:
C1:  13879  537       3       java.net.URLStreamHandler::parseURL (1201 bytes)

Stack: [0x0000005aa7700000,0x0000005aa7800000]
Native frames: (J=compiled Java code, j=interpreted, Vv=VM code, C=native code)
V  [jvm.dll+0x635bda]
V  [jvm.dll+0x77360f]
V  [jvm.dll+0x774cba]
V  [jvm.dll+0x775373]
V  [jvm.dll+0x25e668]
V  [jvm.dll+0xc25bb]
V  [jvm.dll+0xc291c]
V  [jvm.dll+0x1150ac]
V  [jvm.dll+0x1845e1]
V  [jvm.dll+0x184250]
V  [jvm.dll+0x1839fc]
V  [jvm.dll+0x1451fb]
V  [jvm.dll+0x12c31d]
V  [jvm.dll+0x12c4c2]
V  [jvm.dll+0x12c7ef]
V  [jvm.dll+0x12b967]
V  [jvm.dll+0x12da07]
V  [jvm.dll+0x2265bf]
V  [jvm.dll+0x224bc8]
V  [jvm.dll+0x7389ed]
V  [jvm.dll+0x634c82]
C  [ucrtbase.dll+0x1e3fe]
C  [KERNEL32.DLL+0x14034]
C  [ntdll.dll+0x73691]


---------------  P R O C E S S  ---------------

Threads class SMR info:
_java_thread_list=0x0000022dfd708710, length=10, elements={
0x0000022ded0b5000, 0x0000022dfcca3800, 0x0000022dfccae800, 0x0000022dfd5aa000,
0x0000022dfd5ad800, 0x0000022dfd5af800, 0x0000022dfd5bb000, 0x0000022dfd5bf000,
0x0000022dfd710000, 0x0000022dfd717000
}

Java Threads: ( => current thread )
  0x0000022ded0b5000 JavaThread "main" [_thread_in_vm, id=223052, stack(0x0000005aa6b00000,0x0000005aa6c00000)]
  0x0000022dfcca3800 JavaThread "Reference Handler" daemon [_thread_blocked, id=222172, stack(0x0000005aa7200000,0x0000005aa7300000)]
  0x0000022dfccae800 JavaThread "Finalizer" daemon [_thread_blocked, id=218460, stack(0x0000005aa7300000,0x0000005aa7400000)]
  0x0000022dfd5aa000 JavaThread "Signal Dispatcher" daemon [_thread_blocked, id=189656, stack(0x0000005aa7400000,0x0000005aa7500000)]
  0x0000022dfd5ad800 JavaThread "Attach Listener" daemon [_thread_blocked, id=222976, stack(0x0000005aa7500000,0x0000005aa7600000)]
  0x0000022dfd5af800 JavaThread "C2 CompilerThread0" daemon [_thread_blocked, id=222404, stack(0x0000005aa7600000,0x0000005aa7700000)]
=>0x0000022dfd5bb000 JavaThread "C1 CompilerThread0" daemon [_thread_in_native, id=221868, stack(0x0000005aa7700000,0x0000005aa7800000)]
  0x0000022dfd5bf000 JavaThread "Sweeper thread" daemon [_thread_blocked, id=222548, stack(0x0000005aa7800000,0x0000005aa7900000)]
  0x0000022dfd710000 JavaThread "Service Thread" daemon [_thread_blocked, id=222452, stack(0x0000005aa7900000,0x0000005aa7a00000)]
  0x0000022dfd717000 JavaThread "Common-Cleaner" daemon [_thread_blocked, id=221548, stack(0x0000005aa7b00000,0x0000005aa7c00000)]

Other Threads:
  0x0000022dfcc7f000 VMThread "VM Thread" [stack: 0x0000005aa7100000,0x0000005aa7200000] [id=190260]
  0x0000022dfd716800 WatcherThread [stack: 0x0000005aa7a00000,0x0000005aa7b00000] [id=190296]
  0x0000022ded0cb000 GCTaskThread "GC Thread#0" [stack: 0x0000005aa6c00000,0x0000005aa6d00000] [id=220472]
  0x0000022ded0fe000 ConcurrentGCThread "G1 Main Marker" [stack: 0x0000005aa6d00000,0x0000005aa6e00000] [id=222320]
  0x0000022ded100800 ConcurrentGCThread "G1 Conc#0" [stack: 0x0000005aa6e00000,0x0000005aa6f00000] [id=221864]
  0x0000022ded18e800 ConcurrentGCThread "G1 Refine#0" [stack: 0x0000005aa6f00000,0x0000005aa7000000] [id=219940]
  0x0000022dfcae8800 ConcurrentGCThread "G1 Young RemSet Sampling" [stack: 0x0000005aa7000000,0x0000005aa7100000] [id=219316]

Threads with active compile tasks:
C1 CompilerThread0 537       3       java.net.URLStreamHandler::parseURL (1201 bytes)

VM state:not at safepoint (normal execution)

VM Mutex/Monitor currently owned by a thread: None

Heap address: 0x0000000081e00000, size: 2018 MB, Compressed Oops mode: 32-bit
Narrow klass base: 0x0000000000000000, Narrow klass shift: 3
Compressed class space size: 1073741824 Address: 0x0000000100000000

Heap:
 garbage-first heap   total 131072K, used 7168K [0x0000000081e00000, 0x0000000100000000)
  region size 1024K, 8 young (8192K), 0 survivors (0K)
 Metaspace       used 8434K, capacity 8622K, committed 8832K, reserved 1056768K
  class space    used 740K, capacity 808K, committed 896K, reserved 1048576K
Heap Regions: E=young(eden), S=young(survivor), O=old, HS=humongous(starts), HC=humongous(continues), CS=collection set, F=free, A=archive, TAMS=top-at-mark-start (previous, next)
|   0|0x0000000081e00000, 0x0000000081e00000, 0x0000000081f00000|  0%| F|  |TAMS 0x0000000081e00000, 0x0000000081e00000| Untracked 
|   1|0x0000000081f00000, 0x0000000081f00000, 0x0000000082000000|  0%| F|  |TAMS 0x0000000081f00000, 0x0000000081f00000| Untracked 
|   2|0x0000000082000000, 0x0000000082000000, 0x0000000082100000|  0%| F|  |TAMS 0x0000000082000000, 0x0000000082000000| Untracked 
|   3|0x0000000082100000, 0x0000000082100000, 0x0000000082200000|  0%| F|  |TAMS 0x0000000082100000, 0x0000000082100000| Untracked 
|   4|0x0000000082200000, 0x0000000082200000, 0x0000000082300000|  0%| F|  |TAMS 0x0000000082200000, 0x0000000082200000| Untracked 
|   5|0x0000000082300000, 0x0000000082300000, 0x0000000082400000|  0%| F|  |TAMS 0x0000000082300000, 0x0000000082300000| Untracked 
|   6|0x0000000082400000, 0x0000000082400000, 0x0000000082500000|  0%| F|  |TAMS 0x0000000082400000, 0x0000000082400000| Untracked 
|   7|0x0000000082500000, 0x0000000082500000, 0x0000000082600000|  0%| F|  |TAMS 0x0000000082500000, 0x0000000082500000| Untracked 
|   8|0x0000000082600000, 0x0000000082600000, 0x0000000082700000|  0%| F|  |TAMS 0x0000000082600000, 0x0000000082600000| Untracked 
|   9|0x0000000082700000, 0x0000000082700000, 0x0000000082800000|  0%| F|  |TAMS 0x0000000082700000, 0x0000000082700000| Untracked 
|  10|0x0000000082800000, 0x0000000082800000, 0x0000000082900000|  0%| F|  |TAMS 0x0000000082800000, 0x0000000082800000| Untracked 
|  11|0x0000000082900000, 0x0000000082900000, 0x0000000082a00000|  0%| F|  |TAMS 0x0000000082900000, 0x0000000082900000| Untracked 
|  12|0x0000000082a00000, 0x0000000082a00000, 0x0000000082b00000|  0%| F|  |TAMS 0x0000000082a00000, 0x0000000082a00000| Untracked 
|  13|0x0000000082b00000, 0x0000000082b00000, 0x0000000082c00000|  0%| F|  |TAMS 0x0000000082b00000, 0x0000000082b00000| Untracked 
|  14|0x0000000082c00000, 0x0000000082c00000, 0x0000000082d00000|  0%| F|  |TAMS 0x0000000082c00000, 0x0000000082c00000| Untracked 
|  15|0x0000000082d00000, 0x0000000082d00000, 0x0000000082e00000|  0%| F|  |TAMS 0x0000000082d00000, 0x0000000082d00000| Untracked 
|  16|0x0000000082e00000, 0x0000000082e00000, 0x0000000082f00000|  0%| F|  |TAMS 0x0000000082e00000, 0x0000000082e00000| Untracked 
|  17|0x0000000082f00000, 0x0000000082f00000, 0x0000000083000000|  0%| F|  |TAMS 0x0000000082f00000, 0x0000000082f00000| Untracked 
|  18|0x0000000083000000, 0x0000000083000000, 0x0000000083100000|  0%| F|  |TAMS 0x0000000083000000, 0x0000000083000000| Untracked 
|  19|0x0000000083100000, 0x0000000083100000, 0x0000000083200000|  0%| F|  |TAMS 0x0000000083100000, 0x0000000083100000| Untracked 
|  20|0x0000000083200000, 0x0000000083200000, 0x0000000083300000|  0%| F|  |TAMS 0x0000000083200000, 0x0000000083200000| Untracked 
|  21|0x0000000083300000, 0x0000000083300000, 0x0000000083400000|  0%| F|  |TAMS 0x0000000083300000, 0x0000000083300000| Untracked 
|  22|0x0000000083400000, 0x0000000083400000, 0x0000000083500000|  0%| F|  |TAMS 0x0000000083400000, 0x0000000083400000| Untracked 
|  23|0x0000000083500000, 0x0000000083500000, 0x0000000083600000|  0%| F|  |TAMS 0x0000000083500000, 0x0000000083500000| Untracked 
|  24|0x0000000083600000, 0x0000000083600000, 0x0000000083700000|  0%| F|  |TAMS 0x0000000083600000, 0x0000000083600000| Untracked 
|  25|0x0000000083700000, 0x0000000083700000, 0x0000000083800000|  0%| F|  |TAMS 0x0000000083700000, 0x0000000083700000| Untracked 
|  26|0x0000000083800000, 0x0000000083800000, 0x0000000083900000|  0%| F|  |TAMS 0x0000000083800000, 0x0000000083800000| Untracked 
|  27|0x0000000083900000, 0x0000000083900000, 0x0000000083a00000|  0%| F|  |TAMS 0x0000000083900000, 0x0000000083900000| Untracked 
|  28|0x0000000083a00000, 0x0000000083a00000, 0x0000000083b00000|  0%| F|  |TAMS 0x0000000083a00000, 0x0000000083a00000| Untracked 
|  29|0x0000000083b00000, 0x0000000083b00000, 0x0000000083c00000|  0%| F|  |TAMS 0x0000000083b00000, 0x0000000083b00000| Untracked 
|  30|0x0000000083c00000, 0x0000000083c00000, 0x0000000083d00000|  0%| F|  |TAMS 0x0000000083c00000, 0x0000000083c00000| Untracked 
|  31|0x0000000083d00000, 0x0000000083d00000, 0x0000000083e00000|  0%| F|  |TAMS 0x0000000083d00000, 0x0000000083d00000| Untracked 
|  32|0x0000000083e00000, 0x0000000083e00000, 0x0000000083f00000|  0%| F|  |TAMS 0x0000000083e00000, 0x0000000083e00000| Untracked 
|  33|0x0000000083f00000, 0x0000000083f00000, 0x0000000084000000|  0%| F|  |TAMS 0x0000000083f00000, 0x0000000083f00000| Untracked 
|  34|0x0000000084000000, 0x0000000084000000, 0x0000000084100000|  0%| F|  |TAMS 0x0000000084000000, 0x0000000084000000| Untracked 
|  35|0x0000000084100000, 0x0000000084100000, 0x0000000084200000|  0%| F|  |TAMS 0x0000000084100000, 0x0000000084100000| Untracked 
|  36|0x0000000084200000, 0x0000000084200000, 0x0000000084300000|  0%| F|  |TAMS 0x0000000084200000, 0x0000000084200000| Untracked 
|  37|0x0000000084300000, 0x0000000084300000, 0x0000000084400000|  0%| F|  |TAMS 0x0000000084300000, 0x0000000084300000| Untracked 
|  38|0x0000000084400000, 0x0000000084400000, 0x0000000084500000|  0%| F|  |TAMS 0x0000000084400000, 0x0000000084400000| Untracked 
|  39|0x0000000084500000, 0x0000000084500000, 0x0000000084600000|  0%| F|  |TAMS 0x0000000084500000, 0x0000000084500000| Untracked 
|  40|0x0000000084600000, 0x0000000084600000, 0x0000000084700000|  0%| F|  |TAMS 0x0000000084600000, 0x0000000084600000| Untracked 
|  41|0x0000000084700000, 0x0000000084700000, 0x0000000084800000|  0%| F|  |TAMS 0x0000000084700000, 0x0000000084700000| Untracked 
|  42|0x0000000084800000, 0x0000000084800000, 0x0000000084900000|  0%| F|  |TAMS 0x0000000084800000, 0x0000000084800000| Untracked 
|  43|0x0000000084900000, 0x0000000084900000, 0x0000000084a00000|  0%| F|  |TAMS 0x0000000084900000, 0x0000000084900000| Untracked 
|  44|0x0000000084a00000, 0x0000000084a00000, 0x0000000084b00000|  0%| F|  |TAMS 0x0000000084a00000, 0x0000000084a00000| Untracked 
|  45|0x0000000084b00000, 0x0000000084b00000, 0x0000000084c00000|  0%| F|  |TAMS 0x0000000084b00000, 0x0000000084b00000| Untracked 
|  46|0x0000000084c00000, 0x0000000084c00000, 0x0000000084d00000|  0%| F|  |TAMS 0x0000000084c00000, 0x0000000084c00000| Untracked 
|  47|0x0000000084d00000, 0x0000000084d00000, 0x0000000084e00000|  0%| F|  |TAMS 0x0000000084d00000, 0x0000000084d00000| Untracked 
|  48|0x0000000084e00000, 0x0000000084e00000, 0x0000000084f00000|  0%| F|  |TAMS 0x0000000084e00000, 0x0000000084e00000| Untracked 
|  49|0x0000000084f00000, 0x0000000084f00000, 0x0000000085000000|  0%| F|  |TAMS 0x0000000084f00000, 0x0000000084f00000| Untracked 
|  50|0x0000000085000000, 0x0000000085000000, 0x0000000085100000|  0%| F|  |TAMS 0x0000000085000000, 0x0000000085000000| Untracked 
|  51|0x0000000085100000, 0x0000000085100000, 0x0000000085200000|  0%| F|  |TAMS 0x0000000085100000, 0x0000000085100000| Untracked 
|  52|0x0000000085200000, 0x0000000085200000, 0x0000000085300000|  0%| F|  |TAMS 0x0000000085200000, 0x0000000085200000| Untracked 
|  53|0x0000000085300000, 0x0000000085300000, 0x0000000085400000|  0%| F|  |TAMS 0x0000000085300000, 0x0000000085300000| Untracked 
|  54|0x0000000085400000, 0x0000000085400000, 0x0000000085500000|  0%| F|  |TAMS 0x0000000085400000, 0x0000000085400000| Untracked 
|  55|0x0000000085500000, 0x0000000085500000, 0x0000000085600000|  0%| F|  |TAMS 0x0000000085500000, 0x0000000085500000| Untracked 
|  56|0x0000000085600000, 0x0000000085600000, 0x0000000085700000|  0%| F|  |TAMS 0x0000000085600000, 0x0000000085600000| Untracked 
|  57|0x0000000085700000, 0x0000000085700000, 0x0000000085800000|  0%| F|  |TAMS 0x0000000085700000, 0x0000000085700000| Untracked 
|  58|0x0000000085800000, 0x0000000085800000, 0x0000000085900000|  0%| F|  |TAMS 0x0000000085800000, 0x0000000085800000| Untracked 
|  59|0x0000000085900000, 0x0000000085900000, 0x0000000085a00000|  0%| F|  |TAMS 0x0000000085900000, 0x0000000085900000| Untracked 
|  60|0x0000000085a00000, 0x0000000085a00000, 0x0000000085b00000|  0%| F|  |TAMS 0x0000000085a00000, 0x0000000085a00000| Untracked 
|  61|0x0000000085b00000, 0x0000000085b00000, 0x0000000085c00000|  0%| F|  |TAMS 0x0000000085b00000, 0x0000000085b00000| Untracked 
|  62|0x0000000085c00000, 0x0000000085c00000, 0x0000000085d00000|  0%| F|  |TAMS 0x0000000085c00000, 0x0000000085c00000| Untracked 
|  63|0x0000000085d00000, 0x0000000085d00000, 0x0000000085e00000|  0%| F|  |TAMS 0x0000000085d00000, 0x0000000085d00000| Untracked 
|  64|0x0000000085e00000, 0x0000000085e00000, 0x0000000085f00000|  0%| F|  |TAMS 0x0000000085e00000, 0x0000000085e00000| Untracked 
|  65|0x0000000085f00000, 0x0000000085f00000, 0x0000000086000000|  0%| F|  |TAMS 0x0000000085f00000, 0x0000000085f00000| Untracked 
|  66|0x0000000086000000, 0x0000000086000000, 0x0000000086100000|  0%| F|  |TAMS 0x0000000086000000, 0x0000000086000000| Untracked 
|  67|0x0000000086100000, 0x0000000086100000, 0x0000000086200000|  0%| F|  |TAMS 0x0000000086100000, 0x0000000086100000| Untracked 
|  68|0x0000000086200000, 0x0000000086200000, 0x0000000086300000|  0%| F|  |TAMS 0x0000000086200000, 0x0000000086200000| Untracked 
|  69|0x0000000086300000, 0x0000000086300000, 0x0000000086400000|  0%| F|  |TAMS 0x0000000086300000, 0x0000000086300000| Untracked 
|  70|0x0000000086400000, 0x0000000086400000, 0x0000000086500000|  0%| F|  |TAMS 0x0000000086400000, 0x0000000086400000| Untracked 
|  71|0x0000000086500000, 0x0000000086500000, 0x0000000086600000|  0%| F|  |TAMS 0x0000000086500000, 0x0000000086500000| Untracked 
|  72|0x0000000086600000, 0x0000000086600000, 0x0000000086700000|  0%| F|  |TAMS 0x0000000086600000, 0x0000000086600000| Untracked 
|  73|0x0000000086700000, 0x0000000086700000, 0x0000000086800000|  0%| F|  |TAMS 0x0000000086700000, 0x0000000086700000| Untracked 
|  74|0x0000000086800000, 0x0000000086800000, 0x0000000086900000|  0%| F|  |TAMS 0x0000000086800000, 0x0000000086800000| Untracked 
|  75|0x0000000086900000, 0x0000000086900000, 0x0000000086a00000|  0%| F|  |TAMS 0x0000000086900000, 0x0000000086900000| Untracked 
|  76|0x0000000086a00000, 0x0000000086a00000, 0x0000000086b00000|  0%| F|  |TAMS 0x0000000086a00000, 0x0000000086a00000| Untracked 
|  77|0x0000000086b00000, 0x0000000086b00000, 0x0000000086c00000|  0%| F|  |TAMS 0x0000000086b00000, 0x0000000086b00000| Untracked 
|  78|0x0000000086c00000, 0x0000000086c00000, 0x0000000086d00000|  0%| F|  |TAMS 0x0000000086c00000, 0x0000000086c00000| Untracked 
|  79|0x0000000086d00000, 0x0000000086d00000, 0x0000000086e00000|  0%| F|  |TAMS 0x0000000086d00000, 0x0000000086d00000| Untracked 
|  80|0x0000000086e00000, 0x0000000086e00000, 0x0000000086f00000|  0%| F|  |TAMS 0x0000000086e00000, 0x0000000086e00000| Untracked 
|  81|0x0000000086f00000, 0x0000000086f00000, 0x0000000087000000|  0%| F|  |TAMS 0x0000000086f00000, 0x0000000086f00000| Untracked 
|  82|0x0000000087000000, 0x0000000087000000, 0x0000000087100000|  0%| F|  |TAMS 0x0000000087000000, 0x0000000087000000| Untracked 
|  83|0x0000000087100000, 0x0000000087100000, 0x0000000087200000|  0%| F|  |TAMS 0x0000000087100000, 0x0000000087100000| Untracked 
|  84|0x0000000087200000, 0x0000000087200000, 0x0000000087300000|  0%| F|  |TAMS 0x0000000087200000, 0x0000000087200000| Untracked 
|  85|0x0000000087300000, 0x0000000087300000, 0x0000000087400000|  0%| F|  |TAMS 0x0000000087300000, 0x0000000087300000| Untracked 
|  86|0x0000000087400000, 0x0000000087400000, 0x0000000087500000|  0%| F|  |TAMS 0x0000000087400000, 0x0000000087400000| Untracked 
|  87|0x0000000087500000, 0x0000000087500000, 0x0000000087600000|  0%| F|  |TAMS 0x0000000087500000, 0x0000000087500000| Untracked 
|  88|0x0000000087600000, 0x0000000087600000, 0x0000000087700000|  0%| F|  |TAMS 0x0000000087600000, 0x0000000087600000| Untracked 
|  89|0x0000000087700000, 0x0000000087700000, 0x0000000087800000|  0%| F|  |TAMS 0x0000000087700000, 0x0000000087700000| Untracked 
|  90|0x0000000087800000, 0x0000000087800000, 0x0000000087900000|  0%| F|  |TAMS 0x0000000087800000, 0x0000000087800000| Untracked 
|  91|0x0000000087900000, 0x0000000087900000, 0x0000000087a00000|  0%| F|  |TAMS 0x0000000087900000, 0x0000000087900000| Untracked 
|  92|0x0000000087a00000, 0x0000000087a00000, 0x0000000087b00000|  0%| F|  |TAMS 0x0000000087a00000, 0x0000000087a00000| Untracked 
|  93|0x0000000087b00000, 0x0000000087b00000, 0x0000000087c00000|  0%| F|  |TAMS 0x0000000087b00000, 0x0000000087b00000| Untracked 
|  94|0x0000000087c00000, 0x0000000087c00000, 0x0000000087d00000|  0%| F|  |TAMS 0x0000000087c00000, 0x0000000087c00000| Untracked 
|  95|0x0000000087d00000, 0x0000000087d00000, 0x0000000087e00000|  0%| F|  |TAMS 0x0000000087d00000, 0x0000000087d00000| Untracked 
|  96|0x0000000087e00000, 0x0000000087e00000, 0x0000000087f00000|  0%| F|  |TAMS 0x0000000087e00000, 0x0000000087e00000| Untracked 
|  97|0x0000000087f00000, 0x0000000087f00000, 0x0000000088000000|  0%| F|  |TAMS 0x0000000087f00000, 0x0000000087f00000| Untracked 
|  98|0x0000000088000000, 0x0000000088000000, 0x0000000088100000|  0%| F|  |TAMS 0x0000000088000000, 0x0000000088000000| Untracked 
|  99|0x0000000088100000, 0x0000000088100000, 0x0000000088200000|  0%| F|  |TAMS 0x0000000088100000, 0x0000000088100000| Untracked 
| 100|0x0000000088200000, 0x0000000088200000, 0x0000000088300000|  0%| F|  |TAMS 0x0000000088200000, 0x0000000088200000| Untracked 
| 101|0x0000000088300000, 0x0000000088300000, 0x0000000088400000|  0%| F|  |TAMS 0x0000000088300000, 0x0000000088300000| Untracked 
| 102|0x0000000088400000, 0x0000000088400000, 0x0000000088500000|  0%| F|  |TAMS 0x0000000088400000, 0x0000000088400000| Untracked 
| 103|0x0000000088500000, 0x0000000088500000, 0x0000000088600000|  0%| F|  |TAMS 0x0000000088500000, 0x0000000088500000| Untracked 
| 104|0x0000000088600000, 0x0000000088600000, 0x0000000088700000|  0%| F|  |TAMS 0x0000000088600000, 0x0000000088600000| Untracked 
| 105|0x0000000088700000, 0x0000000088700000, 0x0000000088800000|  0%| F|  |TAMS 0x0000000088700000, 0x0000000088700000| Untracked 
| 106|0x0000000088800000, 0x0000000088800000, 0x0000000088900000|  0%| F|  |TAMS 0x0000000088800000, 0x0000000088800000| Untracked 
| 107|0x0000000088900000, 0x0000000088900000, 0x0000000088a00000|  0%| F|  |TAMS 0x0000000088900000, 0x0000000088900000| Untracked 
| 108|0x0000000088a00000, 0x0000000088a00000, 0x0000000088b00000|  0%| F|  |TAMS 0x0000000088a00000, 0x0000000088a00000| Untracked 
| 109|0x0000000088b00000, 0x0000000088b00000, 0x0000000088c00000|  0%| F|  |TAMS 0x0000000088b00000, 0x0000000088b00000| Untracked 
| 110|0x0000000088c00000, 0x0000000088c00000, 0x0000000088d00000|  0%| F|  |TAMS 0x0000000088c00000, 0x0000000088c00000| Untracked 
| 111|0x0000000088d00000, 0x0000000088d00000, 0x0000000088e00000|  0%| F|  |TAMS 0x0000000088d00000, 0x0000000088d00000| Untracked 
| 112|0x0000000088e00000, 0x0000000088e00000, 0x0000000088f00000|  0%| F|  |TAMS 0x0000000088e00000, 0x0000000088e00000| Untracked 
| 113|0x0000000088f00000, 0x0000000088f00000, 0x0000000089000000|  0%| F|  |TAMS 0x0000000088f00000, 0x0000000088f00000| Untracked 
| 114|0x0000000089000000, 0x0000000089000000, 0x0000000089100000|  0%| F|  |TAMS 0x0000000089000000, 0x0000000089000000| Untracked 
| 115|0x0000000089100000, 0x0000000089100000, 0x0000000089200000|  0%| F|  |TAMS 0x0000000089100000, 0x0000000089100000| Untracked 
| 116|0x0000000089200000, 0x0000000089200000, 0x0000000089300000|  0%| F|  |TAMS 0x0000000089200000, 0x0000000089200000| Untracked 
| 117|0x0000000089300000, 0x0000000089300000, 0x0000000089400000|  0%| F|  |TAMS 0x0000000089300000, 0x0000000089300000| Untracked 
| 118|0x0000000089400000, 0x0000000089400000, 0x0000000089500000|  0%| F|  |TAMS 0x0000000089400000, 0x0000000089400000| Untracked 
| 119|0x0000000089500000, 0x0000000089500000, 0x0000000089600000|  0%| F|  |TAMS 0x0000000089500000, 0x0000000089500000| Untracked 
| 120|0x0000000089600000, 0x00000000896fc570, 0x0000000089700000| 98%| E|  |TAMS 0x0000000089600000, 0x0000000089600000| Complete 
| 121|0x0000000089700000, 0x0000000089800000, 0x0000000089800000|100%| E|CS|TAMS 0x0000000089700000, 0x0000000089700000| Complete 
| 122|0x0000000089800000, 0x0000000089900000, 0x0000000089900000|100%| E|CS|TAMS 0x0000000089800000, 0x0000000089800000| Complete 
| 123|0x0000000089900000, 0x0000000089a00000, 0x0000000089a00000|100%| E|CS|TAMS 0x0000000089900000, 0x0000000089900000| Complete 
| 124|0x0000000089a00000, 0x0000000089b00000, 0x0000000089b00000|100%| E|CS|TAMS 0x0000000089a00000, 0x0000000089a00000| Complete 
| 125|0x0000000089b00000, 0x0000000089c00000, 0x0000000089c00000|100%| E|CS|TAMS 0x0000000089b00000, 0x0000000089b00000| Complete 
| 126|0x0000000089c00000, 0x0000000089d00000, 0x0000000089d00000|100%| E|CS|TAMS 0x0000000089c00000, 0x0000000089c00000| Complete 
| 127|0x0000000089d00000, 0x0000000089e00000, 0x0000000089e00000|100%| E|CS|TAMS 0x0000000089d00000, 0x0000000089d00000| Complete 

Card table byte_map: [0x0000022df5b30000,0x0000022df5f30000] _byte_map_base: 0x0000022df5721000

Marking Bits (Prev, Next): (CMBitMap*) 0x0000022ded0f5468, (CMBitMap*) 0x0000022ded0f54a0
 Prev Bits: [0x0000022df6330000, 0x0000022df82b8000)
 Next Bits: [0x0000022df82c0000, 0x0000022dfa248000)

Polling page: 0x0000022deb040000

Metaspace:

Usage:
  Non-class:      7.63 MB capacity,     7.51 MB ( 98%) used,   113.73 KB (  1%) free+waste,     5.94 KB ( <1%) overhead. 
      Class:    808.00 KB capacity,   740.27 KB ( 92%) used,    65.23 KB (  8%) free+waste,     2.50 KB ( <1%) overhead. 
       Both:      8.42 MB capacity,     8.24 MB ( 98%) used,   178.97 KB (  2%) free+waste,     8.44 KB ( <1%) overhead. 

Virtual space:
  Non-class space:        8.00 MB reserved,       7.75 MB ( 97%) committed 
      Class space:        1.00 GB reserved,     896.00 KB ( <1%) committed 
             Both:        1.01 GB reserved,       8.63 MB ( <1%) committed 

Chunk freelists:
   Non-Class:  7.25 KB
       Class:  3.00 KB
        Both:  10.25 KB

CodeHeap 'non-profiled nmethods': size=120000Kb used=147Kb max_used=147Kb free=119853Kb
 bounds [0x0000022d87ad0000, 0x0000022d87d40000, 0x0000022d8f000000]
CodeHeap 'profiled nmethods': size=120000Kb used=922Kb max_used=922Kb free=119077Kb
 bounds [0x0000022d805a0000, 0x0000022d80810000, 0x0000022d87ad0000]
CodeHeap 'non-nmethods': size=5760Kb used=1071Kb max_used=1083Kb free=4688Kb
 bounds [0x0000022d80000000, 0x0000022d80270000, 0x0000022d805a0000]
 total_blobs=1036 nmethods=536 adapters=277
 compilation: enabled
              stopped_count=0, restarted_count=0
 full_count=0

Compilation events (10 events):
Event: 13.814 Thread 0x0000022dfd5bb000 nmethod 532 0x0000022d80685890 code [0x0000022d80685a60, 0x0000022d80685db0]
Event: 13.817 Thread 0x0000022dfd5bb000  533       3       jdk.internal.loader.BuiltinClassLoader::loadClass (22 bytes)
Event: 13.818 Thread 0x0000022dfd5bb000 nmethod 533 0x0000022d80685f10 code [0x0000022d806860e0, 0x0000022d806863e0]
Event: 13.825 Thread 0x0000022dfd5bb000  534       3       jdk.internal.loader.URLClassPath$JarLoader::findResource (18 bytes)
Event: 13.825 Thread 0x0000022dfd5af800  535       4       java.util.Objects::requireNonNull (14 bytes)
Event: 13.825 Thread 0x0000022dfd5bb000 nmethod 534 0x0000022d80686510 code [0x0000022d806866e0, 0x0000022d806869a0]
Event: 13.826 Thread 0x0000022dfd5af800 nmethod 535 0x0000022d87af4490 code [0x0000022d87af4620, 0x0000022d87af4678]
Event: 13.831 Thread 0x0000022dfd5bb000  537       3       java.net.URLStreamHandler::parseURL (1201 bytes)
Event: 13.832 Thread 0x0000022dfd5af800  539       4       java.util.Arrays::copyOf (19 bytes)
Event: 13.836 Thread 0x0000022dfd5af800 nmethod 539 0x0000022d87af4710 code [0x0000022d87af48a0, 0x0000022d87af4ad8]

GC Heap History (0 events):
No events

Deoptimization events (3 events):
Event: 0.325 Thread 0x0000022ded0b5000 Uncommon trap: reason=unstable_if action=reinterpret pc=0x0000022d87ad576c method=java.lang.String.hashCode()I @ 14 c2
Event: 13.229 Thread 0x0000022ded0b5000 Uncommon trap: reason=unstable_if action=reinterpret pc=0x0000022d87addaa8 method=java.lang.StringLatin1.canEncode(I)Z @ 4 c2
Event: 13.233 Thread 0x0000022ded0b5000 Uncommon trap: reason=unstable_if action=reinterpret pc=0x0000022d87ad679c method=java.lang.String.charAt(I)C @ 4 c2

Classes redefined (0 events):
No events

Internal exceptions (1 events):
Event: 12.939 Thread 0x0000022ded0b5000 Exception <a 'java/lang/NoSuchMethodError'{0x0000000089ad51c0}: java.lang.invoke.DirectMethodHandle$Holder.invokeSpecialIFC(Ljava/lang/Object;Ljava/lang/Object;I)I> (0x0000000089ad51c0) thrown at [t:/workspace/open/src/hotspot/share/interpreter/linkResolv

Events (10 events):
Event: 13.825 loading class org/apache/maven/cli/logging/Slf4jLoggerManager
Event: 13.825 loading class org/apache/maven/cli/logging/Slf4jLoggerManager done
Event: 13.829 loading class org/codehaus/plexus/logging/Logger
Event: 13.829 loading class org/codehaus/plexus/logging/Logger done
Event: 13.831 loading class org/codehaus/plexus/util/StringUtils
Event: 13.831 loading class org/codehaus/plexus/util/StringUtils done
Event: 13.837 loading class java/lang/StringIndexOutOfBoundsException
Event: 13.837 loading class java/lang/IndexOutOfBoundsException
Event: 13.837 loading class java/lang/IndexOutOfBoundsException done
Event: 13.837 loading class java/lang/StringIndexOutOfBoundsException done


Dynamic libraries:
0x00007ff793100000 - 0x00007ff793147000 	C:\Program Files\Java\jdk-11.0.4\bin\java.exe
0x00007ffaa8730000 - 0x00007ffaa8911000 	C:\WINDOWS\SYSTEM32\ntdll.dll
0x00007ffaa6270000 - 0x00007ffaa6321000 	C:\WINDOWS\System32\KERNEL32.DLL
0x00007ffaa4ef0000 - 0x00007ffaa5163000 	C:\WINDOWS\System32\KERNELBASE.dll
0x00007ffaa80b0000 - 0x00007ffaa8151000 	C:\WINDOWS\System32\ADVAPI32.dll
0x00007ffaa5bc0000 - 0x00007ffaa5c5e000 	C:\WINDOWS\System32\msvcrt.dll
0x00007ffaa5c60000 - 0x00007ffaa5cbb000 	C:\WINDOWS\System32\sechost.dll
0x00007ffaa5cc0000 - 0x00007ffaa5de4000 	C:\WINDOWS\System32\RPCRT4.dll
0x00007ffaa6330000 - 0x00007ffaa64c0000 	C:\WINDOWS\System32\USER32.dll
0x00007ffaa4df0000 - 0x00007ffaa4e10000 	C:\WINDOWS\System32\win32u.dll
0x00007ffaa6240000 - 0x00007ffaa6268000 	C:\WINDOWS\System32\GDI32.dll
0x00007ffaa5a20000 - 0x00007ffaa5bb1000 	C:\WINDOWS\System32\gdi32full.dll
0x00007ffaa5170000 - 0x00007ffaa520f000 	C:\WINDOWS\System32\msvcp_win.dll
0x00007ffaa4cf0000 - 0x00007ffaa4de8000 	C:\WINDOWS\System32\ucrtbase.dll
0x00007ffa978c0000 - 0x00007ffa97b29000 	C:\WINDOWS\WinSxS\amd64_microsoft.windows.common-controls_6595b64144ccf1df_6.0.17134.950_none_fb3da4273069d3e0\COMCTL32.dll
0x00007ffaa7d80000 - 0x00007ffaa80a2000 	C:\WINDOWS\System32\combase.dll
0x00007ffaa4e70000 - 0x00007ffaa4ee9000 	C:\WINDOWS\System32\bcryptPrimitives.dll
0x00007ffa9ed30000 - 0x00007ffa9ed3a000 	C:\WINDOWS\SYSTEM32\VERSION.dll
0x00007ffaa64c0000 - 0x00007ffaa64ed000 	C:\WINDOWS\System32\IMM32.DLL
0x00007ffaa3090000 - 0x00007ffaa30a6000 	C:\Program Files\Java\jdk-11.0.4\bin\vcruntime140.dll
0x00007ffa8d230000 - 0x00007ffa8d2da000 	C:\Program Files\Java\jdk-11.0.4\bin\msvcp140.dll
0x00007ffa6d4b0000 - 0x00007ffa6dfd7000 	C:\Program Files\Java\jdk-11.0.4\bin\server\jvm.dll
0x00007ffaa85c0000 - 0x00007ffaa85c8000 	C:\WINDOWS\System32\PSAPI.DLL
0x00007ffaa2630000 - 0x00007ffaa2653000 	C:\WINDOWS\SYSTEM32\WINMM.dll
0x00007ffa925a0000 - 0x00007ffa925a9000 	C:\WINDOWS\SYSTEM32\WSOCK32.dll
0x00007ffaa7d10000 - 0x00007ffaa7d7c000 	C:\WINDOWS\System32\WS2_32.dll
0x00007ffaa2600000 - 0x00007ffaa262a000 	C:\WINDOWS\SYSTEM32\winmmbase.dll
0x00007ffaa5210000 - 0x00007ffaa5259000 	C:\WINDOWS\System32\cfgmgr32.dll
0x00007ffaa4a90000 - 0x00007ffaa4aa1000 	C:\WINDOWS\System32\kernel.appcore.dll
0x00007ffaa3070000 - 0x00007ffaa3081000 	C:\Program Files\Java\jdk-11.0.4\bin\verify.dll
0x00007ffaa3460000 - 0x00007ffaa3629000 	C:\WINDOWS\SYSTEM32\DBGHELP.DLL
0x00007ffa91700000 - 0x00007ffa91729000 	C:\WINDOWS\SYSTEM32\dbgcore.DLL
0x00007ffaa2ef0000 - 0x00007ffaa2f19000 	C:\Program Files\Java\jdk-11.0.4\bin\java.dll
0x00007ffaa2ed0000 - 0x00007ffaa2ee6000 	C:\Program Files\Java\jdk-11.0.4\bin\zip.dll
0x00007ffaa3230000 - 0x00007ffaa323a000 	C:\Program Files\Java\jdk-11.0.4\bin\jimage.dll
0x00007ffaa68d0000 - 0x00007ffaa7d10000 	C:\WINDOWS\System32\SHELL32.dll
0x00007ffaa8260000 - 0x00007ffaa8309000 	C:\WINDOWS\System32\shcore.dll
0x00007ffaa5310000 - 0x00007ffaa5a1d000 	C:\WINDOWS\System32\windows.storage.dll
0x00007ffaa86a0000 - 0x00007ffaa86f1000 	C:\WINDOWS\System32\shlwapi.dll
0x00007ffaa4a70000 - 0x00007ffaa4a8f000 	C:\WINDOWS\System32\profapi.dll
0x00007ffaa4ab0000 - 0x00007ffaa4afc000 	C:\WINDOWS\System32\powrprof.dll
0x00007ffaa4a60000 - 0x00007ffaa4a6a000 	C:\WINDOWS\System32\FLTLIB.DLL
0x00007ffaa0da0000 - 0x00007ffaa0db9000 	C:\Program Files\Java\jdk-11.0.4\bin\net.dll
0x00007ffa95070000 - 0x00007ffa9514d000 	C:\WINDOWS\SYSTEM32\WINHTTP.dll
0x00007ffa97540000 - 0x00007ffa97709000 	C:\WINDOWS\SYSTEM32\urlmon.dll
0x00007ffa97e60000 - 0x00007ffa98106000 	C:\WINDOWS\SYSTEM32\iertutil.dll
0x00007ffaa4470000 - 0x00007ffaa447b000 	C:\WINDOWS\SYSTEM32\CRYPTBASE.DLL
0x00007ffaa42c0000 - 0x00007ffaa4326000 	C:\WINDOWS\system32\mswsock.dll
0x00007ffa9fa70000 - 0x00007ffa9fa83000 	C:\Program Files\Java\jdk-11.0.4\bin\nio.dll
0x00007ffaa3100000 - 0x00007ffaa310a000 	C:\apache-maven-3.5.4-bin\apache-maven-3.5.4\lib\jansi-native\windows64\jansi.dll

dbghelp: loaded successfully - version: 4.0.5 - missing functions: none
symbol engine: initialized successfully - sym options: 0x614 - pdb path: .;C:\Program Files\Java\jdk-11.0.4\bin;C:\WINDOWS\SYSTEM32;C:\WINDOWS\WinSxS\amd64_microsoft.windows.common-controls_6595b64144ccf1df_6.0.17134.950_none_fb3da4273069d3e0;C:\Program Files\Java\jdk-11.0.4\bin\server;C:\apache-maven-3.5.4-bin\apache-maven-3.5.4\lib\jansi-native\windows64

VM Arguments:
jvm_args: -Dclassworlds.conf=C:\apache-maven-3.5.4-bin\apache-maven-3.5.4\bin\..\bin\m2.conf -Dmaven.home=C:\apache-maven-3.5.4-bin\apache-maven-3.5.4\bin\.. -Dlibrary.jansi.path=C:\apache-maven-3.5.4-bin\apache-maven-3.5.4\bin\..\lib\jansi-native -Dmaven.multiModuleProjectDirectory=C:\Users\ywooo\IdeaProjects\unifarm 
java_command: org.codehaus.plexus.classworlds.launcher.Launcher package
java_class_path (initial): C:\apache-maven-3.5.4-bin\apache-maven-3.5.4\bin\..\boot\plexus-classworlds-2.5.2.jar
Launcher Type: SUN_STANDARD

[Global flags]
     intx CICompilerCount                          = 4                                         {product} {ergonomic}
     uint ConcGCThreads                            = 2                                         {product} {ergonomic}
     uint G1ConcRefinementThreads                  = 8                                         {product} {ergonomic}
   size_t G1HeapRegionSize                         = 1048576                                   {product} {ergonomic}
    uintx GCDrainStackTargetSize                   = 64                                        {product} {ergonomic}
   size_t InitialHeapSize                          = 134217728                                 {product} {ergonomic}
   size_t MarkStackSize                            = 4194304                                   {product} {ergonomic}
   size_t MaxHeapSize                              = 2116026368                                {product} {ergonomic}
   size_t MaxNewSize                               = 1268776960                                {product} {ergonomic}
   size_t MinHeapDeltaBytes                        = 1048576                                   {product} {ergonomic}
    uintx NonNMethodCodeHeapSize                   = 5835340                                {pd product} {ergonomic}
    uintx NonProfiledCodeHeapSize                  = 122911450                              {pd product} {ergonomic}
    uintx ProfiledCodeHeapSize                     = 122911450                              {pd product} {ergonomic}
    uintx ReservedCodeCacheSize                    = 251658240                              {pd product} {ergonomic}
     bool SegmentedCodeCache                       = true                                      {product} {ergonomic}
     bool UseCompressedClassPointers               = true                                 {lp64_product} {ergonomic}
     bool UseCompressedOops                        = true                                 {lp64_product} {ergonomic}
     bool UseG1GC                                  = true                                      {product} {ergonomic}
     bool UseLargePagesIndividualAllocation        = false                                  {pd product} {ergonomic}

Logging:
Log output configuration:
 #0: stdout all=warning uptime,level,tags
 #1: stderr all=off uptime,level,tags

Environment Variables:
JAVA_HOME=C:\Program Files\Java\jdk-11.0.4
PATH=C:\Program Files (x86)\NAT Service;C:\Program Files (x86)\Common Files\Oracle\Java\javapath;C:\Program Files (x86)\Intel\Intel(R) Management Engine Components\iCLS\;C:\Program Files\Intel\Intel(R) Management Engine Components\iCLS\;C:\Windows\system32;C:\Windows;C:\Windows\System32\Wbem;C:\Windows\System32\WindowsPowerShell\v1.0\;C:\Program Files (x86)\Intel\Intel(R) Management Engine Components\DAL;C:\Program Files\Intel\Intel(R) Management Engine Components\DAL;C:\Program Files (x86)\Intel\Intel(R) Management Engine Components\IPT;C:\Program Files\Intel\Intel(R) Management Engine Components\IPT;C:\Program Files (x86)\NVIDIA Corporation\PhysX\Common;C:\Program Files\Git\cmd;C:\apache-maven-3.5.4-bin\apache-maven-3.5.4\bin;C:\WINDOWS\system32;C:\WINDOWS;C:\WINDOWS\System32\Wbem;C:\WINDOWS\System32\WindowsPowerShell\v1.0\;C:\WINDOWS\System32\OpenSSH\;C:\Program Files\nodejs;C:\Program Files (x86)\Yarn\bin\;C:\Program Files\PuTTY\;C:\Program Files\Amazon\AWSCLI\bin\;"C:\Program Files\nodejs;";%JAVA_HOME%\bin\;C:\Program Files\Java\jdk-11.0.4\bin;C:\Users\ywooo\AppData\Roaming\npm;;C:\Users\ywooo\AppData\Local\Programs\Microsoft VS Code\bin
USERNAME=ywooo
OS=Windows_NT
PROCESSOR_IDENTIFIER=Intel64 Family 6 Model 142 Stepping 10, GenuineIntel



---------------  S Y S T E M  ---------------

OS: Windows 10 , 64 bit Build 17134 (10.0.17134.753)

CPU:total 8 (initial active 8) (4 cores per cpu, 2 threads per core) family 6 model 142 stepping 10, cmov, cx8, fxsr, mmx, sse, sse2, sse3, ssse3, sse4.1, sse4.2, popcnt, avx, avx2, aes, clmul, erms, 3dnowpref, lzcnt, ht, tsc, tscinvbit, bmi1, bmi2, adx, fma

Memory: 4k page, system-wide physical 8069M (438M free)
TotalPageFile size 32645M (AvailPageFile size 0M)
current process WorkingSet (physical memory assigned to process): 47M, peak: 47M
current process commit charge ("private bytes"): 212M, peak: 212M

vm_info: Java HotSpot(TM) 64-Bit Server VM (11.0.4+10-LTS) for windows-amd64 JRE (11.0.4+10-LTS), built on Jul  4 2019 16:28:13 by "mach5one" with MS VC++ 15.5 (VS2017)

END.
