#
# There is insufficient memory for the Java Runtime Environment to continue.
# Native memory allocation (mmap) failed to map 134217728 bytes for Failed to commit area from 0x0000000081e00000 to 0x0000000089e00000 of length 134217728.
# Possible reasons:
#   The system is out of physical RAM or swap space
#   The process is running with CompressedOops enabled, and the Java Heap may be blocking the growth of the native heap
# Possible solutions:
#   Reduce memory load on the system
#   Increase physical memory or swap space
#   Check if swap backing store is full
#   Decrease Java heap size (-Xmx/-Xms)
#   Decrease number of Java threads
#   Decrease Java thread stack sizes (-Xss)
#   Set larger code cache with -XX:ReservedCodeCacheSize=
# This output file may be truncated or incomplete.
#
#  Out of Memory Error (t:/workspace/open/src/hotspot/os/windows/os_windows.cpp:3275), pid=224180, tid=224212
#
# JRE version:  (11.0.4+10) (build )
# Java VM: Java HotSpot(TM) 64-Bit Server VM (11.0.4+10-LTS, mixed mode, aot, sharing, tiered, compressed oops, g1 gc, windows-amd64)
# No core dump will be written. Minidumps are not enabled by default on client versions of Windows
#

---------------  S U M M A R Y ------------

Command Line: -Dclassworlds.conf=C:\apache-maven-3.5.4-bin\apache-maven-3.5.4\bin\..\bin\m2.conf -Dmaven.home=C:\apache-maven-3.5.4-bin\apache-maven-3.5.4\bin\.. -Dlibrary.jansi.path=C:\apache-maven-3.5.4-bin\apache-maven-3.5.4\bin\..\lib\jansi-native -Dmaven.multiModuleProjectDirectory=C:\Users\ywooo\IdeaProjects\unifarm org.codehaus.plexus.classworlds.launcher.Launcher package

Host: Intel(R) Core(TM) i7-8550U CPU @ 1.80GHz, 8 cores, 7G,  Windows 10 , 64 bit Build 17134 (10.0.17134.753)
Time: Sat Sep  7 04:00:58 2019 ¢¥eCN©öI¡¾©ö C¡ÍA¨ª¨öA elapsed time: 0 seconds (0d 0h 0m 0s)

---------------  T H R E A D  ---------------

Current thread (0x000001cb507b8000):  JavaThread "Unknown thread" [_thread_in_vm, id=224212, stack(0x0000004774100000,0x0000004774200000)]

Stack: [0x0000004774100000,0x0000004774200000]
Native frames: (J=compiled Java code, j=interpreted, Vv=VM code, C=native code)
V  [jvm.dll+0x635bda]
V  [jvm.dll+0x77360f]
V  [jvm.dll+0x774cba]
V  [jvm.dll+0x775373]
V  [jvm.dll+0x25e668]
V  [jvm.dll+0x63306a]
V  [jvm.dll+0x627ab5]
V  [jvm.dll+0x314f8c]
V  [jvm.dll+0x314e12]
V  [jvm.dll+0x31a676]
V  [jvm.dll+0x36676f]
V  [jvm.dll+0x366190]
V  [jvm.dll+0x2f1b18]
V  [jvm.dll+0x2f2c86]
V  [jvm.dll+0x74c777]
V  [jvm.dll+0x74debf]
V  [jvm.dll+0x3735a9]
V  [jvm.dll+0x732e09]
V  [jvm.dll+0x3e2c0d]
V  [jvm.dll+0x3e4ee1]
C  [java.exe+0x3607]
C  [java.exe+0x178dc]
C  [KERNEL32.DLL+0x14034]
C  [ntdll.dll+0x73691]


---------------  P R O C E S S  ---------------

Threads class SMR info:
_java_thread_list=0x000001cb4e613500, length=0, elements={
}

Java Threads: ( => current thread )

Other Threads:
  0x000001cb507ce000 GCTaskThread "GC Thread#0" [stack: 0x0000004774200000,0x0000004774300000] [id=224216]
  0x000001cb507ff800 ConcurrentGCThread "G1 Main Marker" [stack: 0x0000004774300000,0x0000004774400000] [id=224220]
  0x000001cb50802000 ConcurrentGCThread "G1 Conc#0" [stack: 0x0000004774400000,0x0000004774500000] [id=224224]

[error occurred during error reporting (printing all threads), id 0xc0000005, EXCEPTION_ACCESS_VIOLATION (0xc0000005) at pc=0x00007ffa6d7b03e7]

VM state:not at safepoint (not fully initialized)

VM Mutex/Monitor currently owned by a thread:  ([mutex/lock_event])
[0x000001cb507b6ac0] Heap_lock - owner thread: 0x000001cb507b8000

Heap address: 0x0000000081e00000, size: 2018 MB, Compressed Oops mode: Non-zero based: 0x0000000081e00000
Narrow klass base: 0x0000000000000000, Narrow klass shift: 0

GC Heap History (0 events):
No events

Deoptimization events (0 events):
No events

Classes redefined (0 events):
No events

Internal exceptions (0 events):
No events

Events (0 events):
No events


Dynamic libraries:
0x00007ff72ac00000 - 0x00007ff72ac47000 	C:\Program Files\Java\jdk-11.0.4\bin\java.exe
0x00007ffaa8730000 - 0x00007ffaa8911000 	C:\WINDOWS\SYSTEM32\ntdll.dll
0x00007ffaa6270000 - 0x00007ffaa6321000 	C:\WINDOWS\System32\KERNEL32.DLL
0x00007ffaa4ef0000 - 0x00007ffaa5163000 	C:\WINDOWS\System32\KERNELBASE.dll
0x00007ffaa80b0000 - 0x00007ffaa8151000 	C:\WINDOWS\System32\ADVAPI32.dll
0x00007ffaa5bc0000 - 0x00007ffaa5c5e000 	C:\WINDOWS\System32\msvcrt.dll
0x00007ffaa5c60000 - 0x00007ffaa5cbb000 	C:\WINDOWS\System32\sechost.dll
0x00007ffaa5cc0000 - 0x00007ffaa5de4000 	C:\WINDOWS\System32\RPCRT4.dll
0x00007ffaa6330000 - 0x00007ffaa64c0000 	C:\WINDOWS\System32\USER32.dll
0x00007ffaa4df0000 - 0x00007ffaa4e10000 	C:\WINDOWS\System32\win32u.dll
0x00007ffaa6240000 - 0x00007ffaa6268000 	C:\WINDOWS\System32\GDI32.dll
0x00007ffaa5a20000 - 0x00007ffaa5bb1000 	C:\WINDOWS\System32\gdi32full.dll
0x00007ffaa5170000 - 0x00007ffaa520f000 	C:\WINDOWS\System32\msvcp_win.dll
0x00007ffaa4cf0000 - 0x00007ffaa4de8000 	C:\WINDOWS\System32\ucrtbase.dll
0x00007ffa978c0000 - 0x00007ffa97b29000 	C:\WINDOWS\WinSxS\amd64_microsoft.windows.common-controls_6595b64144ccf1df_6.0.17134.950_none_fb3da4273069d3e0\COMCTL32.dll
0x00007ffa9ed30000 - 0x00007ffa9ed3a000 	C:\WINDOWS\SYSTEM32\VERSION.dll
0x00007ffaa7d80000 - 0x00007ffaa80a2000 	C:\WINDOWS\System32\combase.dll
0x00007ffaa4e70000 - 0x00007ffaa4ee9000 	C:\WINDOWS\System32\bcryptPrimitives.dll
0x00007ffaa64c0000 - 0x00007ffaa64ed000 	C:\WINDOWS\System32\IMM32.DLL
0x00007ffaa3070000 - 0x00007ffaa3086000 	C:\Program Files\Java\jdk-11.0.4\bin\vcruntime140.dll
0x00007ffa8d230000 - 0x00007ffa8d2da000 	C:\Program Files\Java\jdk-11.0.4\bin\msvcp140.dll
0x00007ffa6d4b0000 - 0x00007ffa6dfd7000 	C:\Program Files\Java\jdk-11.0.4\bin\server\jvm.dll
0x00007ffaa85c0000 - 0x00007ffaa85c8000 	C:\WINDOWS\System32\PSAPI.DLL
0x00007ffaa2630000 - 0x00007ffaa2653000 	C:\WINDOWS\SYSTEM32\WINMM.dll
0x00007ffa925a0000 - 0x00007ffa925a9000 	C:\WINDOWS\SYSTEM32\WSOCK32.dll
0x00007ffaa7d10000 - 0x00007ffaa7d7c000 	C:\WINDOWS\System32\WS2_32.dll
0x00007ffaa2600000 - 0x00007ffaa262a000 	C:\WINDOWS\SYSTEM32\winmmbase.dll
0x00007ffaa5210000 - 0x00007ffaa5259000 	C:\WINDOWS\System32\cfgmgr32.dll
0x00007ffaa4a90000 - 0x00007ffaa4aa1000 	C:\WINDOWS\System32\kernel.appcore.dll
0x00007ffaa2ec0000 - 0x00007ffaa2ed1000 	C:\Program Files\Java\jdk-11.0.4\bin\verify.dll
0x00007ffaa3460000 - 0x00007ffaa3629000 	C:\WINDOWS\SYSTEM32\DBGHELP.DLL
0x00007ffa91700000 - 0x00007ffa91729000 	C:\WINDOWS\SYSTEM32\dbgcore.DLL
0x00007ffaa0dd0000 - 0x00007ffaa0df9000 	C:\Program Files\Java\jdk-11.0.4\bin\java.dll
0x00007ffaa0db0000 - 0x00007ffaa0dc6000 	C:\Program Files\Java\jdk-11.0.4\bin\zip.dll
0x00007ffaa3230000 - 0x00007ffaa323a000 	C:\Program Files\Java\jdk-11.0.4\bin\jimage.dll

dbghelp: loaded successfully - version: 4.0.5 - missing functions: none
symbol engine: initialized successfully - sym options: 0x614 - pdb path: .;C:\Program Files\Java\jdk-11.0.4\bin;C:\WINDOWS\SYSTEM32;C:\WINDOWS\WinSxS\amd64_microsoft.windows.common-controls_6595b64144ccf1df_6.0.17134.950_none_fb3da4273069d3e0;C:\Program Files\Java\jdk-11.0.4\bin\server

VM Arguments:
jvm_args: -Dclassworlds.conf=C:\apache-maven-3.5.4-bin\apache-maven-3.5.4\bin\..\bin\m2.conf -Dmaven.home=C:\apache-maven-3.5.4-bin\apache-maven-3.5.4\bin\.. -Dlibrary.jansi.path=C:\apache-maven-3.5.4-bin\apache-maven-3.5.4\bin\..\lib\jansi-native -Dmaven.multiModuleProjectDirectory=C:\Users\ywooo\IdeaProjects\unifarm 
java_command: org.codehaus.plexus.classworlds.launcher.Launcher package
java_class_path (initial): C:\apache-maven-3.5.4-bin\apache-maven-3.5.4\bin\..\boot\plexus-classworlds-2.5.2.jar
Launcher Type: SUN_STANDARD

[Global flags]
     intx CICompilerCount                          = 4                                         {product} {ergonomic}
     uint ConcGCThreads                            = 2                                         {product} {ergonomic}
     uint G1ConcRefinementThreads                  = 8                                         {product} {ergonomic}
   size_t G1HeapRegionSize                         = 1048576                                   {product} {ergonomic}
    uintx GCDrainStackTargetSize                   = 64                                        {product} {ergonomic}
   size_t InitialHeapSize                          = 134217728                                 {product} {ergonomic}
   size_t MarkStackSize                            = 4194304                                   {product} {ergonomic}
   size_t MaxHeapSize                              = 2116026368                                {product} {ergonomic}
   size_t MinHeapDeltaBytes                        = 1048576                                   {product} {ergonomic}
    uintx NonNMethodCodeHeapSize                   = 5835340                                {pd product} {ergonomic}
    uintx NonProfiledCodeHeapSize                  = 122911450                              {pd product} {ergonomic}
    uintx ProfiledCodeHeapSize                     = 122911450                              {pd product} {ergonomic}
    uintx ReservedCodeCacheSize                    = 251658240                              {pd product} {ergonomic}
     bool SegmentedCodeCache                       = true                                      {product} {ergonomic}
     bool UseCompressedClassPointers               = true                                 {lp64_product} {ergonomic}
     bool UseCompressedOops                        = true                                 {lp64_product} {ergonomic}
     bool UseG1GC                                  = true                                      {product} {ergonomic}
     bool UseLargePagesIndividualAllocation        = false                                  {pd product} {ergonomic}

Logging:
Log output configuration:
 #0: stdout all=warning uptime,level,tags
 #1: stderr all=off uptime,level,tags

Environment Variables:
JAVA_HOME=C:\Program Files\Java\jdk-11.0.4
PATH=C:\Program Files (x86)\NAT Service;C:\Program Files (x86)\Common Files\Oracle\Java\javapath;C:\Program Files (x86)\Intel\Intel(R) Management Engine Components\iCLS\;C:\Program Files\Intel\Intel(R) Management Engine Components\iCLS\;C:\Windows\system32;C:\Windows;C:\Windows\System32\Wbem;C:\Windows\System32\WindowsPowerShell\v1.0\;C:\Program Files (x86)\Intel\Intel(R) Management Engine Components\DAL;C:\Program Files\Intel\Intel(R) Management Engine Components\DAL;C:\Program Files (x86)\Intel\Intel(R) Management Engine Components\IPT;C:\Program Files\Intel\Intel(R) Management Engine Components\IPT;C:\Program Files (x86)\NVIDIA Corporation\PhysX\Common;C:\Program Files\Git\cmd;C:\apache-maven-3.5.4-bin\apache-maven-3.5.4\bin;C:\WINDOWS\system32;C:\WINDOWS;C:\WINDOWS\System32\Wbem;C:\WINDOWS\System32\WindowsPowerShell\v1.0\;C:\WINDOWS\System32\OpenSSH\;C:\Program Files\nodejs;C:\Program Files (x86)\Yarn\bin\;C:\Program Files\PuTTY\;C:\Program Files\Amazon\AWSCLI\bin\;"C:\Program Files\nodejs;";%JAVA_HOME%\bin\;C:\Program Files\Java\jdk-11.0.4\bin;C:\Users\ywooo\AppData\Roaming\npm;;C:\Users\ywooo\AppData\Local\Programs\Microsoft VS Code\bin
USERNAME=ywooo
OS=Windows_NT
PROCESSOR_IDENTIFIER=Intel64 Family 6 Model 142 Stepping 10, GenuineIntel



---------------  S Y S T E M  ---------------

OS: Windows 10 , 64 bit Build 17134 (10.0.17134.753)

CPU:total 8 (initial active 8) (4 cores per cpu, 2 threads per core) family 6 model 142 stepping 10, cmov, cx8, fxsr, mmx, sse, sse2, sse3, ssse3, sse4.1, sse4.2, popcnt, avx, avx2, aes, clmul, erms, 3dnowpref, lzcnt, ht, tsc, tscinvbit, bmi1, bmi2, adx, fma

Memory: 4k page, system-wide physical 8069M (602M free)
TotalPageFile size 32645M (AvailPageFile size 124M)
current process WorkingSet (physical memory assigned to process): 10M, peak: 10M
current process commit charge ("private bytes"): 60M, peak: 188M

vm_info: Java HotSpot(TM) 64-Bit Server VM (11.0.4+10-LTS) for windows-amd64 JRE (11.0.4+10-LTS), built on Jul  4 2019 16:28:13 by "mach5one" with MS VC++ 15.5 (VS2017)

END.
